src/app/ar-experience/components/ARViewerClient.tsx(6,18): error TS1261: Already included file name 'D:/Hackathon time/AR-sticker/frontend/src/components/ui/AppIcon.tsx' differs from file name 'D:/Hackathon time/AR-sticker/frontend/src/components/ui/Appicon.tsx' only in casing.
  The file is in the program because:
    Imported via '@/components/ui/AppIcon' from file 'D:/Hackathon time/AR-sticker/frontend/src/app/ar-experience/components/ARViewerClient.tsx'
    Imported via '@/components/ui/Appicon' from file 'D:/Hackathon time/AR-sticker/frontend/src/app/ar-scanner/components/ARScannerClient.tsx'
    Imported via './Appicon' from file 'D:/Hackathon time/AR-sticker/frontend/src/components/ui/AppLogo.tsx'
    Imported via '@/components/ui/Appicon' from file 'D:/Hackathon time/AR-sticker/frontend/src/components/Header.tsx'
    Imported via '@/components/ui/Appicon' from file 'D:/Hackathon time/AR-sticker/frontend/src/components/Footer.tsx'
    Imported via '@/components/ui/Appicon' from file 'D:/Hackathon time/AR-sticker/frontend/src/app/upload-creation/components/OptionsPanel.tsx'
    Imported via '@/components/ui/Appicon' from file 'D:/Hackathon time/AR-sticker/frontend/src/app/upload-creation/components/ProgressBar.tsx'
    Imported via '@/components/ui/Appicon' from file 'D:/Hackathon time/AR-sticker/frontend/src/app/upload-creation/components/SuccessPanel.tsx'
    Imported via '@/components/ui/Appicon' from file 'D:/Hackathon time/AR-sticker/frontend/src/app/upload-creation/components/SuccessBar.tsx'
    Imported via '@/components/ui/Appicon' from file 'D:/Hackathon time/AR-sticker/frontend/src/app/upload-creation/components/UploadCreationClient.tsx'
    Imported via '@/components/ui/Appicon' from file 'D:/Hackathon time/AR-sticker/frontend/src/app/upload-creation/page.tsx'
    Matched by include pattern '**/*.tsx' in 'D:/Hackathon time/AR-sticker/frontend/tsconfig.json'
src/app/ar-scanner/components/ARScannerClient.tsx(7,18): error TS1149: File name 'D:/Hackathon time/AR-sticker/frontend/src/components/ui/Appicon.tsx' differs from already included file name 'D:/Hackathon time/AR-sticker/frontend/src/components/ui/AppIcon.tsx' only in casing.
  The file is in the program because:
    Imported via '@/components/ui/AppIcon' from file 'D:/Hackathon time/AR-sticker/frontend/src/app/ar-experience/components/ARViewerClient.tsx'
    Imported via '@/components/ui/Appicon' from file 'D:/Hackathon time/AR-sticker/frontend/src/app/ar-scanner/components/ARScannerClient.tsx'
    Imported via './Appicon' from file 'D:/Hackathon time/AR-sticker/frontend/src/components/ui/AppLogo.tsx'
    Imported via '@/components/ui/Appicon' from file 'D:/Hackathon time/AR-sticker/frontend/src/components/Header.tsx'
    Imported via '@/components/ui/Appicon' from file 'D:/Hackathon time/AR-sticker/frontend/src/components/Footer.tsx'
    Imported via '@/components/ui/Appicon' from file 'D:/Hackathon time/AR-sticker/frontend/src/app/upload-creation/components/OptionsPanel.tsx'
    Imported via '@/components/ui/Appicon' from file 'D:/Hackathon time/AR-sticker/frontend/src/app/upload-creation/components/ProgressBar.tsx'
    Imported via '@/components/ui/Appicon' from file 'D:/Hackathon time/AR-sticker/frontend/src/app/upload-creation/components/SuccessPanel.tsx'
    Imported via '@/components/ui/Appicon' from file 'D:/Hackathon time/AR-sticker/frontend/src/app/upload-creation/components/SuccessBar.tsx'
    Imported via '@/components/ui/Appicon' from file 'D:/Hackathon time/AR-sticker/frontend/src/app/upload-creation/components/UploadCreationClient.tsx'
    Imported via '@/components/ui/Appicon' from file 'D:/Hackathon time/AR-sticker/frontend/src/app/upload-creation/page.tsx'
    Matched by include pattern '**/*.tsx' in 'D:/Hackathon time/AR-sticker/frontend/tsconfig.json'
src/app/upload-creation/components/OptionsPanel.tsx(2,18): error TS1149: File name 'D:/Hackathon time/AR-sticker/frontend/src/components/ui/Appicon.tsx' differs from already included file name 'D:/Hackathon time/AR-sticker/frontend/src/components/ui/AppIcon.tsx' only in casing.
  The file is in the program because:
    Imported via '@/components/ui/AppIcon' from file 'D:/Hackathon time/AR-sticker/frontend/src/app/ar-experience/components/ARViewerClient.tsx'
    Imported via '@/components/ui/Appicon' from file 'D:/Hackathon time/AR-sticker/frontend/src/app/ar-scanner/components/ARScannerClient.tsx'
    Imported via './Appicon' from file 'D:/Hackathon time/AR-sticker/frontend/src/components/ui/AppLogo.tsx'
    Imported via '@/components/ui/Appicon' from file 'D:/Hackathon time/AR-sticker/frontend/src/components/Header.tsx'
    Imported via '@/components/ui/Appicon' from file 'D:/Hackathon time/AR-sticker/frontend/src/components/Footer.tsx'
    Imported via '@/components/ui/Appicon' from file 'D:/Hackathon time/AR-sticker/frontend/src/app/upload-creation/components/OptionsPanel.tsx'
    Imported via '@/components/ui/Appicon' from file 'D:/Hackathon time/AR-sticker/frontend/src/app/upload-creation/components/ProgressBar.tsx'
    Imported via '@/components/ui/Appicon' from file 'D:/Hackathon time/AR-sticker/frontend/src/app/upload-creation/components/SuccessPanel.tsx'
    Imported via '@/components/ui/Appicon' from file 'D:/Hackathon time/AR-sticker/frontend/src/app/upload-creation/components/SuccessBar.tsx'
    Imported via '@/components/ui/Appicon' from file 'D:/Hackathon time/AR-sticker/frontend/src/app/upload-creation/components/UploadCreationClient.tsx'
    Imported via '@/components/ui/Appicon' from file 'D:/Hackathon time/AR-sticker/frontend/src/app/upload-creation/page.tsx'
    Matched by include pattern '**/*.tsx' in 'D:/Hackathon time/AR-sticker/frontend/tsconfig.json'
src/app/upload-creation/components/ProgressBar.tsx(2,18): error TS1149: File name 'D:/Hackathon time/AR-sticker/frontend/src/components/ui/Appicon.tsx' differs from already included file name 'D:/Hackathon time/AR-sticker/frontend/src/components/ui/AppIcon.tsx' only in casing.
  The file is in the program because:
    Imported via '@/components/ui/AppIcon' from file 'D:/Hackathon time/AR-sticker/frontend/src/app/ar-experience/components/ARViewerClient.tsx'
    Imported via '@/components/ui/Appicon' from file 'D:/Hackathon time/AR-sticker/frontend/src/app/ar-scanner/components/ARScannerClient.tsx'
    Imported via './Appicon' from file 'D:/Hackathon time/AR-sticker/frontend/src/components/ui/AppLogo.tsx'
    Imported via '@/components/ui/Appicon' from file 'D:/Hackathon time/AR-sticker/frontend/src/components/Header.tsx'
    Imported via '@/components/ui/Appicon' from file 'D:/Hackathon time/AR-sticker/frontend/src/components/Footer.tsx'
    Imported via '@/components/ui/Appicon' from file 'D:/Hackathon time/AR-sticker/frontend/src/app/upload-creation/components/OptionsPanel.tsx'
    Imported via '@/components/ui/Appicon' from file 'D:/Hackathon time/AR-sticker/frontend/src/app/upload-creation/components/ProgressBar.tsx'
    Imported via '@/components/ui/Appicon' from file 'D:/Hackathon time/AR-sticker/frontend/src/app/upload-creation/components/SuccessPanel.tsx'
    Imported via '@/components/ui/Appicon' from file 'D:/Hackathon time/AR-sticker/frontend/src/app/upload-creation/components/SuccessBar.tsx'
    Imported via '@/components/ui/Appicon' from file 'D:/Hackathon time/AR-sticker/frontend/src/app/upload-creation/components/UploadCreationClient.tsx'
    Imported via '@/components/ui/Appicon' from file 'D:/Hackathon time/AR-sticker/frontend/src/app/upload-creation/page.tsx'
    Matched by include pattern '**/*.tsx' in 'D:/Hackathon time/AR-sticker/frontend/tsconfig.json'
src/app/upload-creation/components/SuccessBar.tsx(4,18): error TS1149: File name 'D:/Hackathon time/AR-sticker/frontend/src/components/ui/Appicon.tsx' differs from already included file name 'D:/Hackathon time/AR-sticker/frontend/src/components/ui/AppIcon.tsx' only in casing.
  The file is in the program because:
    Imported via '@/components/ui/AppIcon' from file 'D:/Hackathon time/AR-sticker/frontend/src/app/ar-experience/components/ARViewerClient.tsx'
    Imported via '@/components/ui/Appicon' from file 'D:/Hackathon time/AR-sticker/frontend/src/app/ar-scanner/components/ARScannerClient.tsx'
    Imported via './Appicon' from file 'D:/Hackathon time/AR-sticker/frontend/src/components/ui/AppLogo.tsx'
    Imported via '@/components/ui/Appicon' from file 'D:/Hackathon time/AR-sticker/frontend/src/components/Header.tsx'
    Imported via '@/components/ui/Appicon' from file 'D:/Hackathon time/AR-sticker/frontend/src/components/Footer.tsx'
    Imported via '@/components/ui/Appicon' from file 'D:/Hackathon time/AR-sticker/frontend/src/app/upload-creation/components/OptionsPanel.tsx'
    Imported via '@/components/ui/Appicon' from file 'D:/Hackathon time/AR-sticker/frontend/src/app/upload-creation/components/ProgressBar.tsx'
    Imported via '@/components/ui/Appicon' from file 'D:/Hackathon time/AR-sticker/frontend/src/app/upload-creation/components/SuccessPanel.tsx'
    Imported via '@/components/ui/Appicon' from file 'D:/Hackathon time/AR-sticker/frontend/src/app/upload-creation/components/SuccessBar.tsx'
    Imported via '@/components/ui/Appicon' from file 'D:/Hackathon time/AR-sticker/frontend/src/app/upload-creation/components/UploadCreationClient.tsx'
    Imported via '@/components/ui/Appicon' from file 'D:/Hackathon time/AR-sticker/frontend/src/app/upload-creation/page.tsx'
    Matched by include pattern '**/*.tsx' in 'D:/Hackathon time/AR-sticker/frontend/tsconfig.json'
src/app/upload-creation/components/SuccessPanel.tsx(3,18): error TS1149: File name 'D:/Hackathon time/AR-sticker/frontend/src/components/ui/Appicon.tsx' differs from already included file name 'D:/Hackathon time/AR-sticker/frontend/src/components/ui/AppIcon.tsx' only in casing.
  The file is in the program because:
    Imported via '@/components/ui/AppIcon' from file 'D:/Hackathon time/AR-sticker/frontend/src/app/ar-experience/components/ARViewerClient.tsx'
    Imported via '@/components/ui/Appicon' from file 'D:/Hackathon time/AR-sticker/frontend/src/app/ar-scanner/components/ARScannerClient.tsx'
    Imported via './Appicon' from file 'D:/Hackathon time/AR-sticker/frontend/src/components/ui/AppLogo.tsx'
    Imported via '@/components/ui/Appicon' from file 'D:/Hackathon time/AR-sticker/frontend/src/components/Header.tsx'
    Imported via '@/components/ui/Appicon' from file 'D:/Hackathon time/AR-sticker/frontend/src/components/Footer.tsx'
    Imported via '@/components/ui/Appicon' from file 'D:/Hackathon time/AR-sticker/frontend/src/app/upload-creation/components/OptionsPanel.tsx'
    Imported via '@/components/ui/Appicon' from file 'D:/Hackathon time/AR-sticker/frontend/src/app/upload-creation/components/ProgressBar.tsx'
    Imported via '@/components/ui/Appicon' from file 'D:/Hackathon time/AR-sticker/frontend/src/app/upload-creation/components/SuccessPanel.tsx'
    Imported via '@/components/ui/Appicon' from file 'D:/Hackathon time/AR-sticker/frontend/src/app/upload-creation/components/SuccessBar.tsx'
    Imported via '@/components/ui/Appicon' from file 'D:/Hackathon time/AR-sticker/frontend/src/app/upload-creation/components/UploadCreationClient.tsx'
    Imported via '@/components/ui/Appicon' from file 'D:/Hackathon time/AR-sticker/frontend/src/app/upload-creation/page.tsx'
    Matched by include pattern '**/*.tsx' in 'D:/Hackathon time/AR-sticker/frontend/tsconfig.json'
src/app/upload-creation/components/UploadCreationClient.tsx(4,22): error TS2306: File 'D:/Hackathon time/AR-sticker/frontend/src/app/upload-creation/components/DropZone.tsx' is not a module.
src/app/upload-creation/components/UploadCreationClient.tsx(8,18): error TS1149: File name 'D:/Hackathon time/AR-sticker/frontend/src/components/ui/Appicon.tsx' differs from already included file name 'D:/Hackathon time/AR-sticker/frontend/src/components/ui/AppIcon.tsx' only in casing.
  The file is in the program because:
    Imported via '@/components/ui/AppIcon' from file 'D:/Hackathon time/AR-sticker/frontend/src/app/ar-experience/components/ARViewerClient.tsx'
    Imported via '@/components/ui/Appicon' from file 'D:/Hackathon time/AR-sticker/frontend/src/app/ar-scanner/components/ARScannerClient.tsx'
    Imported via './Appicon' from file 'D:/Hackathon time/AR-sticker/frontend/src/components/ui/AppLogo.tsx'
    Imported via '@/components/ui/Appicon' from file 'D:/Hackathon time/AR-sticker/frontend/src/components/Header.tsx'
    Imported via '@/components/ui/Appicon' from file 'D:/Hackathon time/AR-sticker/frontend/src/components/Footer.tsx'
    Imported via '@/components/ui/Appicon' from file 'D:/Hackathon time/AR-sticker/frontend/src/app/upload-creation/components/OptionsPanel.tsx'
    Imported via '@/components/ui/Appicon' from file 'D:/Hackathon time/AR-sticker/frontend/src/app/upload-creation/components/ProgressBar.tsx'
    Imported via '@/components/ui/Appicon' from file 'D:/Hackathon time/AR-sticker/frontend/src/app/upload-creation/components/SuccessPanel.tsx'
    Imported via '@/components/ui/Appicon' from file 'D:/Hackathon time/AR-sticker/frontend/src/app/upload-creation/components/SuccessBar.tsx'
    Imported via '@/components/ui/Appicon' from file 'D:/Hackathon time/AR-sticker/frontend/src/app/upload-creation/components/UploadCreationClient.tsx'
    Imported via '@/components/ui/Appicon' from file 'D:/Hackathon time/AR-sticker/frontend/src/app/upload-creation/page.tsx'
    Matched by include pattern '**/*.tsx' in 'D:/Hackathon time/AR-sticker/frontend/tsconfig.json'
src/app/upload-creation/page.tsx(5,18): error TS1149: File name 'D:/Hackathon time/AR-sticker/frontend/src/components/ui/Appicon.tsx' differs from already included file name 'D:/Hackathon time/AR-sticker/frontend/src/components/ui/AppIcon.tsx' only in casing.
  The file is in the program because:
    Imported via '@/components/ui/AppIcon' from file 'D:/Hackathon time/AR-sticker/frontend/src/app/ar-experience/components/ARViewerClient.tsx'
    Imported via '@/components/ui/Appicon' from file 'D:/Hackathon time/AR-sticker/frontend/src/app/ar-scanner/components/ARScannerClient.tsx'
    Imported via './Appicon' from file 'D:/Hackathon time/AR-sticker/frontend/src/components/ui/AppLogo.tsx'
    Imported via '@/components/ui/Appicon' from file 'D:/Hackathon time/AR-sticker/frontend/src/components/Header.tsx'
    Imported via '@/components/ui/Appicon' from file 'D:/Hackathon time/AR-sticker/frontend/src/components/Footer.tsx'
    Imported via '@/components/ui/Appicon' from file 'D:/Hackathon time/AR-sticker/frontend/src/app/upload-creation/components/OptionsPanel.tsx'
    Imported via '@/components/ui/Appicon' from file 'D:/Hackathon time/AR-sticker/frontend/src/app/upload-creation/components/ProgressBar.tsx'
    Imported via '@/components/ui/Appicon' from file 'D:/Hackathon time/AR-sticker/frontend/src/app/upload-creation/components/SuccessPanel.tsx'
    Imported via '@/components/ui/Appicon' from file 'D:/Hackathon time/AR-sticker/frontend/src/app/upload-creation/components/SuccessBar.tsx'
    Imported via '@/components/ui/Appicon' from file 'D:/Hackathon time/AR-sticker/frontend/src/app/upload-creation/components/UploadCreationClient.tsx'
    Imported via '@/components/ui/Appicon' from file 'D:/Hackathon time/AR-sticker/frontend/src/app/upload-creation/page.tsx'
    Matched by include pattern '**/*.tsx' in 'D:/Hackathon time/AR-sticker/frontend/tsconfig.json'
src/components/Footer.tsx(3,18): error TS1149: File name 'D:/Hackathon time/AR-sticker/frontend/src/components/ui/Appicon.tsx' differs from already included file name 'D:/Hackathon time/AR-sticker/frontend/src/components/ui/AppIcon.tsx' only in casing.
  The file is in the program because:
    Imported via '@/components/ui/AppIcon' from file 'D:/Hackathon time/AR-sticker/frontend/src/app/ar-experience/components/ARViewerClient.tsx'
    Imported via '@/components/ui/Appicon' from file 'D:/Hackathon time/AR-sticker/frontend/src/app/ar-scanner/components/ARScannerClient.tsx'
    Imported via './Appicon' from file 'D:/Hackathon time/AR-sticker/frontend/src/components/ui/AppLogo.tsx'
    Imported via '@/components/ui/Appicon' from file 'D:/Hackathon time/AR-sticker/frontend/src/components/Header.tsx'
    Imported via '@/components/ui/Appicon' from file 'D:/Hackathon time/AR-sticker/frontend/src/components/Footer.tsx'
    Imported via '@/components/ui/Appicon' from file 'D:/Hackathon time/AR-sticker/frontend/src/app/upload-creation/components/OptionsPanel.tsx'
    Imported via '@/components/ui/Appicon' from file 'D:/Hackathon time/AR-sticker/frontend/src/app/upload-creation/components/ProgressBar.tsx'
    Imported via '@/components/ui/Appicon' from file 'D:/Hackathon time/AR-sticker/frontend/src/app/upload-creation/components/SuccessPanel.tsx'
    Imported via '@/components/ui/Appicon' from file 'D:/Hackathon time/AR-sticker/frontend/src/app/upload-creation/components/SuccessBar.tsx'
    Imported via '@/components/ui/Appicon' from file 'D:/Hackathon time/AR-sticker/frontend/src/app/upload-creation/components/UploadCreationClient.tsx'
    Imported via '@/components/ui/Appicon' from file 'D:/Hackathon time/AR-sticker/frontend/src/app/upload-creation/page.tsx'
    Matched by include pattern '**/*.tsx' in 'D:/Hackathon time/AR-sticker/frontend/tsconfig.json'
src/components/Header.tsx(7,18): error TS1149: File name 'D:/Hackathon time/AR-sticker/frontend/src/components/ui/Appicon.tsx' differs from already included file name 'D:/Hackathon time/AR-sticker/frontend/src/components/ui/AppIcon.tsx' only in casing.
  The file is in the program because:
    Imported via '@/components/ui/AppIcon' from file 'D:/Hackathon time/AR-sticker/frontend/src/app/ar-experience/components/ARViewerClient.tsx'
    Imported via '@/components/ui/Appicon' from file 'D:/Hackathon time/AR-sticker/frontend/src/app/ar-scanner/components/ARScannerClient.tsx'
    Imported via './Appicon' from file 'D:/Hackathon time/AR-sticker/frontend/src/components/ui/AppLogo.tsx'
    Imported via '@/components/ui/Appicon' from file 'D:/Hackathon time/AR-sticker/frontend/src/components/Header.tsx'
    Imported via '@/components/ui/Appicon' from file 'D:/Hackathon time/AR-sticker/frontend/src/components/Footer.tsx'
    Imported via '@/components/ui/Appicon' from file 'D:/Hackathon time/AR-sticker/frontend/src/app/upload-creation/components/OptionsPanel.tsx'
    Imported via '@/components/ui/Appicon' from file 'D:/Hackathon time/AR-sticker/frontend/src/app/upload-creation/components/ProgressBar.tsx'
    Imported via '@/components/ui/Appicon' from file 'D:/Hackathon time/AR-sticker/frontend/src/app/upload-creation/components/SuccessPanel.tsx'
    Imported via '@/components/ui/Appicon' from file 'D:/Hackathon time/AR-sticker/frontend/src/app/upload-creation/components/SuccessBar.tsx'
    Imported via '@/components/ui/Appicon' from file 'D:/Hackathon time/AR-sticker/frontend/src/app/upload-creation/components/UploadCreationClient.tsx'
    Imported via '@/components/ui/Appicon' from file 'D:/Hackathon time/AR-sticker/frontend/src/app/upload-creation/page.tsx'
    Matched by include pattern '**/*.tsx' in 'D:/Hackathon time/AR-sticker/frontend/tsconfig.json'
src/components/ui/AppLogo.tsx(2,21): error TS1149: File name 'D:/Hackathon time/AR-sticker/frontend/src/components/ui/Appicon.tsx' differs from already included file name 'D:/Hackathon time/AR-sticker/frontend/src/components/ui/AppIcon.tsx' only in casing.
  The file is in the program because:
    Imported via '@/components/ui/AppIcon' from file 'D:/Hackathon time/AR-sticker/frontend/src/app/ar-experience/components/ARViewerClient.tsx'
    Imported via '@/components/ui/Appicon' from file 'D:/Hackathon time/AR-sticker/frontend/src/app/ar-scanner/components/ARScannerClient.tsx'
    Imported via './Appicon' from file 'D:/Hackathon time/AR-sticker/frontend/src/components/ui/AppLogo.tsx'
    Imported via '@/components/ui/Appicon' from file 'D:/Hackathon time/AR-sticker/frontend/src/components/Header.tsx'
    Imported via '@/components/ui/Appicon' from file 'D:/Hackathon time/AR-sticker/frontend/src/components/Footer.tsx'
    Imported via '@/components/ui/Appicon' from file 'D:/Hackathon time/AR-sticker/frontend/src/app/upload-creation/components/OptionsPanel.tsx'
    Imported via '@/components/ui/Appicon' from file 'D:/Hackathon time/AR-sticker/frontend/src/app/upload-creation/components/ProgressBar.tsx'
    Imported via '@/components/ui/Appicon' from file 'D:/Hackathon time/AR-sticker/frontend/src/app/upload-creation/components/SuccessPanel.tsx'
    Imported via '@/components/ui/Appicon' from file 'D:/Hackathon time/AR-sticker/frontend/src/app/upload-creation/components/SuccessBar.tsx'
    Imported via '@/components/ui/Appicon' from file 'D:/Hackathon time/AR-sticker/frontend/src/app/upload-creation/components/UploadCreationClient.tsx'
    Imported via '@/components/ui/Appicon' from file 'D:/Hackathon time/AR-sticker/frontend/src/app/upload-creation/page.tsx'
    Matched by include pattern '**/*.tsx' in 'D:/Hackathon time/AR-sticker/frontend/tsconfig.json'
